2025-05-15 00:44:13,393 INFO o.h.v.i.u.Version [background-preinit] HV000001: Hibernate Validator 8.0.1.Final
2025-05-15 00:44:13,469 INFO o.s.b.StartupInfoLogger [restartedMain] Starting AuctionSystemApplication using Java 17.0.12 with PID 7272 (C:\Users\T R U T H\Desktop\AUCA\webtech\final project\auction-system\target\classes started by T R U T H in C:\Users\T R U T H\Desktop\AUCA\webtech\final project\auction-system)
2025-05-15 00:44:13,471 DEBUG o.s.b.StartupInfoLogger [restartedMain] Running with Spring Boot v3.2.3, Spring v6.1.4
2025-05-15 00:44:13,473 INFO o.s.b.SpringApplication [restartedMain] No active profile set, falling back to 1 default profile: "default"
2025-05-15 00:44:13,557 INFO o.s.b.l.DeferredLog [restartedMain] Devtools property defaults active! Set 'spring.devtools.add-properties' to 'false' to disable
2025-05-15 00:44:13,558 INFO o.s.b.l.DeferredLog [restartedMain] For additional web related logging consider setting the 'logging.level.web' property to 'DEBUG'
2025-05-15 00:44:16,442 INFO o.s.d.r.c.RepositoryConfigurationDelegate [restartedMain] Multiple Spring Data modules found, entering strict repository configuration mode
2025-05-15 00:44:16,447 INFO o.s.d.r.c.RepositoryConfigurationDelegate [restartedMain] Bootstrapping Spring Data JPA repositories in DEFAULT mode.
2025-05-15 00:44:16,903 INFO o.s.d.r.c.RepositoryConfigurationDelegate [restartedMain] Finished Spring Data repository scanning in 441 ms. Found 8 JPA repository interfaces.
2025-05-15 00:44:16,954 INFO o.s.d.r.c.RepositoryConfigurationDelegate [restartedMain] Multiple Spring Data modules found, entering strict repository configuration mode
2025-05-15 00:44:16,961 INFO o.s.d.r.c.RepositoryConfigurationDelegate [restartedMain] Bootstrapping Spring Data Redis repositories in DEFAULT mode.
2025-05-15 00:44:17,065 INFO o.s.d.r.c.RepositoryConfigurationExtensionSupport [restartedMain] Spring Data Redis - Could not safely identify store assignment for repository candidate interface com.auction.repository.AuctionResultRepository; If you want this repository to be a Redis repository, consider annotating your entities with one of these annotations: org.springframework.data.redis.core.RedisHash (preferred), or consider extending one of the following types with your repository: org.springframework.data.keyvalue.repository.KeyValueRepository
2025-05-15 00:44:17,071 INFO o.s.d.r.c.RepositoryConfigurationExtensionSupport [restartedMain] Spring Data Redis - Could not safely identify store assignment for repository candidate interface com.auction.repository.BidRepository; If you want this repository to be a Redis repository, consider annotating your entities with one of these annotations: org.springframework.data.redis.core.RedisHash (preferred), or consider extending one of the following types with your repository: org.springframework.data.keyvalue.repository.KeyValueRepository
2025-05-15 00:44:17,075 INFO o.s.d.r.c.RepositoryConfigurationExtensionSupport [restartedMain] Spring Data Redis - Could not safely identify store assignment for repository candidate interface com.auction.repository.CategoryRepository; If you want this repository to be a Redis repository, consider annotating your entities with one of these annotations: org.springframework.data.redis.core.RedisHash (preferred), or consider extending one of the following types with your repository: org.springframework.data.keyvalue.repository.KeyValueRepository
2025-05-15 00:44:17,079 INFO o.s.d.r.c.RepositoryConfigurationExtensionSupport [restartedMain] Spring Data Redis - Could not safely identify store assignment for repository candidate interface com.auction.repository.FavoriteRepository; If you want this repository to be a Redis repository, consider annotating your entities with one of these annotations: org.springframework.data.redis.core.RedisHash (preferred), or consider extending one of the following types with your repository: org.springframework.data.keyvalue.repository.KeyValueRepository
2025-05-15 00:44:17,098 INFO o.s.d.r.c.RepositoryConfigurationExtensionSupport [restartedMain] Spring Data Redis - Could not safely identify store assignment for repository candidate interface com.auction.repository.ItemRepository; If you want this repository to be a Redis repository, consider annotating your entities with one of these annotations: org.springframework.data.redis.core.RedisHash (preferred), or consider extending one of the following types with your repository: org.springframework.data.keyvalue.repository.KeyValueRepository
2025-05-15 00:44:17,104 INFO o.s.d.r.c.RepositoryConfigurationExtensionSupport [restartedMain] Spring Data Redis - Could not safely identify store assignment for repository candidate interface com.auction.repository.NotificationRepository; If you want this repository to be a Redis repository, consider annotating your entities with one of these annotations: org.springframework.data.redis.core.RedisHash (preferred), or consider extending one of the following types with your repository: org.springframework.data.keyvalue.repository.KeyValueRepository
2025-05-15 00:44:17,107 INFO o.s.d.r.c.RepositoryConfigurationExtensionSupport [restartedMain] Spring Data Redis - Could not safely identify store assignment for repository candidate interface com.auction.repository.TokenRepository; If you want this repository to be a Redis repository, consider annotating your entities with one of these annotations: org.springframework.data.redis.core.RedisHash (preferred), or consider extending one of the following types with your repository: org.springframework.data.keyvalue.repository.KeyValueRepository
2025-05-15 00:44:17,116 INFO o.s.d.r.c.RepositoryConfigurationExtensionSupport [restartedMain] Spring Data Redis - Could not safely identify store assignment for repository candidate interface com.auction.repository.UserRepository; If you want this repository to be a Redis repository, consider annotating your entities with one of these annotations: org.springframework.data.redis.core.RedisHash (preferred), or consider extending one of the following types with your repository: org.springframework.data.keyvalue.repository.KeyValueRepository
2025-05-15 00:44:17,119 INFO o.s.d.r.c.RepositoryConfigurationDelegate [restartedMain] Finished Spring Data repository scanning in 107 ms. Found 0 Redis repository interfaces.
2025-05-15 00:44:19,185 INFO o.s.b.w.e.t.TomcatWebServer [restartedMain] Tomcat initialized with port 8080 (http)
2025-05-15 00:44:19,210 INFO o.a.j.l.DirectJDKLog [restartedMain] Initializing ProtocolHandler ["http-nio-8080"]
2025-05-15 00:44:19,217 INFO o.a.j.l.DirectJDKLog [restartedMain] Starting service [Tomcat]
2025-05-15 00:44:19,218 INFO o.a.j.l.DirectJDKLog [restartedMain] Starting Servlet engine: [Apache Tomcat/10.1.19]
2025-05-15 00:44:19,393 INFO o.a.j.l.DirectJDKLog [restartedMain] Initializing Spring embedded WebApplicationContext
2025-05-15 00:44:19,397 INFO o.s.b.w.s.c.ServletWebServerApplicationContext [restartedMain] Root WebApplicationContext: initialization completed in 5835 ms
2025-05-15 00:44:19,680 INFO o.h.j.i.u.LogHelper [restartedMain] HHH000204: Processing PersistenceUnitInfo [name: default]
2025-05-15 00:44:19,820 INFO o.h.Version [restartedMain] HHH000412: Hibernate ORM core version 6.4.4.Final
2025-05-15 00:44:19,942 INFO o.h.c.i.RegionFactoryInitiator [restartedMain] HHH000026: Second-level cache disabled
2025-05-15 00:44:20,397 INFO o.s.o.j.p.SpringPersistenceUnitInfo [restartedMain] No LoadTimeWeaver setup: ignoring JPA class transformer
2025-05-15 00:44:20,487 INFO c.z.h.HikariDataSource [restartedMain] HikariPool-1 - Starting...
2025-05-15 00:44:20,919 INFO c.z.h.p.HikariPool [restartedMain] HikariPool-1 - Added connection org.postgresql.jdbc.PgConnection@26acf6bc
2025-05-15 00:44:20,922 INFO c.z.h.HikariDataSource [restartedMain] HikariPool-1 - Start completed.
2025-05-15 00:44:21,043 WARN o.h.e.j.d.i.DialectFactoryImpl [restartedMain] HHH90000025: PostgreSQLDialect does not need to be specified explicitly using 'hibernate.dialect' (remove the property setting and it will be selected by default)
2025-05-15 00:44:23,224 INFO o.h.e.t.j.p.i.JtaPlatformInitiator [restartedMain] HHH000489: No JTA platform available (set 'hibernate.transaction.jta.platform' to enable JTA platform integration)
2025-05-15 00:44:23,645 INFO o.s.o.j.AbstractEntityManagerFactoryBean [restartedMain] Initialized JPA EntityManagerFactory for persistence unit 'default'
2025-05-15 00:44:24,409 DEBUG o.s.w.f.GenericFilterBean [restartedMain] Filter 'jwtAuthenticationFilter' configured for use
2025-05-15 00:44:24,744 INFO o.s.d.j.r.q.QueryEnhancerFactory [restartedMain] Hibernate is in classpath; If applicable, HQL parser will be used.
2025-05-15 00:44:27,271 WARN o.s.b.a.o.j.JpaBaseConfiguration$JpaWebConfiguration [restartedMain] spring.jpa.open-in-view is enabled by default. Therefore, database queries may be performed during view rendering. Explicitly configure spring.jpa.open-in-view to disable this warning
2025-05-15 00:44:29,239 INFO o.s.s.w.DefaultSecurityFilterChain [restartedMain] Will secure any request with [org.springframework.security.web.session.DisableEncodeUrlFilter@969e3b2, org.springframework.security.web.context.request.async.WebAsyncManagerIntegrationFilter@4e889117, org.springframework.security.web.context.SecurityContextHolderFilter@12f19a87, org.springframework.security.web.header.HeaderWriterFilter@1d70c214, org.springframework.web.filter.CorsFilter@51a0860b, org.springframework.security.web.authentication.logout.LogoutFilter@747b3131, com.auction.filter.JwtAuthenticationFilter@1eccdae9, org.springframework.security.web.savedrequest.RequestCacheAwareFilter@40087283, org.springframework.security.web.servletapi.SecurityContextHolderAwareRequestFilter@233fa5f5, org.springframework.security.web.authentication.AnonymousAuthenticationFilter@1ab5c057, org.springframework.security.web.session.SessionManagementFilter@558a7d4a, org.springframework.security.web.access.ExceptionTranslationFilter@335da070, org.springframework.security.web.access.intercept.AuthorizationFilter@6482dcd]
2025-05-15 00:44:30,366 INFO o.s.b.d.a.OptionalLiveReloadServer [restartedMain] LiveReload server is running on port 35729
2025-05-15 00:44:30,451 INFO o.a.j.l.DirectJDKLog [restartedMain] Starting ProtocolHandler ["http-nio-8080"]
2025-05-15 00:44:30,523 INFO o.s.b.w.e.t.TomcatWebServer [restartedMain] Tomcat started on port 8080 (http) with context path ''
2025-05-15 00:44:30,565 INFO o.s.b.StartupInfoLogger [restartedMain] Started AuctionSystemApplication in 18.122 seconds (process running for 19.777)
2025-05-15 00:44:30,614 INFO c.a.s.AuctionScheduler [scheduling-1] Running scheduled task to process expired auctions
2025-05-15 00:44:30,771 DEBUG o.h.e.j.s.SqlStatementLogger [scheduling-1] 
    select
        i1_0.item_id,
        i1_0.category_id,
        i1_0.description,
        i1_0.end_date,
        i1_0.image_url,
        i1_0.item_status,
        i1_0.last_item_bid_id,
        i1_0.seller_id,
        i1_0.start_date,
        i1_0.starting_price,
        i1_0.title 
    from
        items i1_0 
    where
        i1_0.item_status='ACTIVE' 
        and i1_0.end_date<?
2025-05-15 00:44:30,801 INFO c.a.s.AuctionScheduler [scheduling-1] Found 0 expired auctions
2025-05-15 00:44:42,543 INFO o.a.j.l.DirectJDKLog [http-nio-8080-exec-1] Initializing Spring DispatcherServlet 'dispatcherServlet'
2025-05-15 00:44:42,545 INFO o.s.w.s.FrameworkServlet [http-nio-8080-exec-1] Initializing Servlet 'dispatcherServlet'
2025-05-15 00:44:42,549 INFO o.s.w.s.FrameworkServlet [http-nio-8080-exec-1] Completed initialization in 3 ms
2025-05-15 00:44:43,753 DEBUG o.h.e.j.s.SqlStatementLogger [http-nio-8080-exec-1] 
    select
        u1_0.user_id,
        u1_0.email,
        u1_0.password_hash,
        u1_0.registration_date,
        u1_0.role,
        u1_0.user_status,
        u1_0.username 
    from
        users u1_0 
    where
        u1_0.username=?
2025-05-15 00:44:44,233 DEBUG o.h.e.j.s.SqlStatementLogger [http-nio-8080-exec-1] 
    select
        li1_0.seller_id,
        li1_0.item_id,
        ar1_0.result_id,
        ar1_0.final_price,
        ar1_0.item_id,
        ar1_0.result_status,
        ar1_0.winner_id,
        li1_0.category_id,
        li1_0.description,
        li1_0.end_date,
        li1_0.image_url,
        li1_0.item_status,
        li1_0.last_item_bid_id,
        li1_0.start_date,
        li1_0.starting_price,
        li1_0.title 
    from
        items li1_0 
    left join
        auction_results ar1_0 
            on li1_0.item_id=ar1_0.item_id 
    where
        li1_0.seller_id=?
2025-05-15 00:44:44,255 DEBUG o.h.e.j.s.SqlStatementLogger [http-nio-8080-exec-1] 
    select
        b1_0.bidder_id,
        b1_0.bid_id,
        b1_0.bid_amount,
        b1_0.bid_time,
        b1_0.item_id,
        b1_0.item_bid_id 
    from
        bids b1_0 
    where
        b1_0.bidder_id=?
2025-05-15 00:44:44,266 DEBUG o.h.e.j.s.SqlStatementLogger [http-nio-8080-exec-1] 
    select
        wa1_0.winner_id,
        wa1_0.result_id,
        wa1_0.final_price,
        wa1_0.item_id,
        wa1_0.result_status 
    from
        auction_results wa1_0 
    where
        wa1_0.winner_id=?
2025-05-15 00:44:44,967 DEBUG o.h.e.j.s.SqlStatementLogger [http-nio-8080-exec-2] 
    select
        u1_0.user_id,
        u1_0.email,
        u1_0.password_hash,
        u1_0.registration_date,
        u1_0.role,
        u1_0.user_status,
        u1_0.username 
    from
        users u1_0 
    where
        u1_0.username=?
2025-05-15 00:44:45,133 DEBUG o.h.e.j.s.SqlStatementLogger [http-nio-8080-exec-3] 
    select
        u1_0.user_id,
        u1_0.email,
        u1_0.password_hash,
        u1_0.registration_date,
        u1_0.role,
        u1_0.user_status,
        u1_0.username 
    from
        users u1_0 
    where
        u1_0.username=?
2025-05-15 00:44:45,362 DEBUG o.h.e.j.s.SqlStatementLogger [http-nio-8080-exec-5] 
    select
        i1_0.item_id,
        i1_0.category_id,
        i1_0.description,
        i1_0.end_date,
        i1_0.image_url,
        i1_0.item_status,
        i1_0.last_item_bid_id,
        i1_0.seller_id,
        i1_0.start_date,
        i1_0.starting_price,
        i1_0.title 
    from
        items i1_0 
    where
        i1_0.item_status=?
2025-05-15 00:44:45,466 DEBUG o.h.e.j.s.SqlStatementLogger [http-nio-8080-exec-5] 
    select
        ar1_0.result_id,
        ar1_0.final_price,
        ar1_0.item_id,
        ar1_0.result_status,
        ar1_0.winner_id 
    from
        auction_results ar1_0 
    where
        ar1_0.item_id=?
2025-05-15 00:44:45,491 DEBUG o.h.e.j.s.SqlStatementLogger [http-nio-8080-exec-5] 
    select
        c1_0.category_id,
        c1_0.category_name,
        c1_0.description,
        c1_0.parent_category_id 
    from
        categories c1_0 
    where
        c1_0.category_id=?
2025-05-15 00:44:45,510 DEBUG o.h.e.j.s.SqlStatementLogger [http-nio-8080-exec-5] 
    select
        b1_0.item_id,
        b1_0.bid_id,
        b1_0.bid_amount,
        b1_0.bid_time,
        b1_0.bidder_id,
        b1_0.item_bid_id 
    from
        bids b1_0 
    where
        b1_0.item_id=?
2025-05-15 00:44:58,266 DEBUG o.h.e.j.s.SqlStatementLogger [http-nio-8080-exec-8] 
    select
        u1_0.user_id,
        u1_0.email,
        u1_0.password_hash,
        u1_0.registration_date,
        u1_0.role,
        u1_0.user_status,
        u1_0.username 
    from
        users u1_0 
    where
        u1_0.username=?
2025-05-15 00:44:58,392 DEBUG o.h.e.j.s.SqlStatementLogger [http-nio-8080-exec-8] 
    select
        u1_0.user_id,
        u1_0.email,
        u1_0.password_hash,
        u1_0.registration_date,
        u1_0.role,
        u1_0.user_status,
        u1_0.username 
    from
        users u1_0 
    where
        u1_0.user_id=?
2025-05-15 00:44:58,449 DEBUG o.h.e.j.s.SqlStatementLogger [http-nio-8080-exec-8] 
    select
        li1_0.seller_id,
        li1_0.item_id,
        ar1_0.result_id,
        ar1_0.final_price,
        ar1_0.item_id,
        ar1_0.result_status,
        ar1_0.winner_id,
        li1_0.category_id,
        li1_0.description,
        li1_0.end_date,
        li1_0.image_url,
        li1_0.item_status,
        li1_0.last_item_bid_id,
        li1_0.start_date,
        li1_0.starting_price,
        li1_0.title 
    from
        items li1_0 
    left join
        auction_results ar1_0 
            on li1_0.item_id=ar1_0.item_id 
    where
        li1_0.seller_id=?
2025-05-15 00:44:58,498 DEBUG o.h.e.j.s.SqlStatementLogger [http-nio-8080-exec-8] 
    select
        c1_0.category_id,
        c1_0.category_name,
        c1_0.description,
        c1_0.parent_category_id 
    from
        categories c1_0 
    where
        c1_0.category_id=?
2025-05-15 00:44:58,513 DEBUG o.h.e.j.s.SqlStatementLogger [http-nio-8080-exec-8] 
    select
        s1_0.parent_category_id,
        s1_0.category_id,
        s1_0.category_name,
        s1_0.description 
    from
        categories s1_0 
    where
        s1_0.parent_category_id=?
2025-05-15 00:44:58,542 DEBUG o.h.e.j.s.SqlStatementLogger [http-nio-8080-exec-8] 
    select
        s1_0.parent_category_id,
        s1_0.category_id,
        s1_0.category_name,
        s1_0.description 
    from
        categories s1_0 
    where
        s1_0.parent_category_id=?
2025-05-15 00:44:58,639 DEBUG o.h.e.j.s.SqlStatementLogger [http-nio-8080-exec-8] 
    select
        s1_0.parent_category_id,
        s1_0.category_id,
        s1_0.category_name,
        s1_0.description 
    from
        categories s1_0 
    where
        s1_0.parent_category_id=?
2025-05-15 00:44:58,707 DEBUG o.h.e.j.s.SqlStatementLogger [http-nio-8080-exec-8] 
    select
        i1_0.category_id,
        i1_0.item_id,
        ar1_0.result_id,
        ar1_0.final_price,
        ar1_0.item_id,
        ar1_0.result_status,
        ar1_0.winner_id,
        i1_0.description,
        i1_0.end_date,
        i1_0.image_url,
        i1_0.item_status,
        i1_0.last_item_bid_id,
        i1_0.seller_id,
        i1_0.start_date,
        i1_0.starting_price,
        i1_0.title 
    from
        items i1_0 
    left join
        auction_results ar1_0 
            on i1_0.item_id=ar1_0.item_id 
    where
        i1_0.category_id=?
2025-05-15 00:44:58,775 DEBUG o.h.e.j.s.SqlStatementLogger [http-nio-8080-exec-8] 
    select
        i1_0.category_id,
        i1_0.item_id,
        ar1_0.result_id,
        ar1_0.final_price,
        ar1_0.item_id,
        ar1_0.result_status,
        ar1_0.winner_id,
        i1_0.description,
        i1_0.end_date,
        i1_0.image_url,
        i1_0.item_status,
        i1_0.last_item_bid_id,
        i1_0.seller_id,
        i1_0.start_date,
        i1_0.starting_price,
        i1_0.title 
    from
        items i1_0 
    left join
        auction_results ar1_0 
            on i1_0.item_id=ar1_0.item_id 
    where
        i1_0.category_id=?
2025-05-15 00:44:58,824 DEBUG o.h.e.j.s.SqlStatementLogger [http-nio-8080-exec-8] 
    select
        i1_0.category_id,
        i1_0.item_id,
        ar1_0.result_id,
        ar1_0.final_price,
        ar1_0.item_id,
        ar1_0.result_status,
        ar1_0.winner_id,
        i1_0.description,
        i1_0.end_date,
        i1_0.image_url,
        i1_0.item_status,
        i1_0.last_item_bid_id,
        i1_0.seller_id,
        i1_0.start_date,
        i1_0.starting_price,
        i1_0.title 
    from
        items i1_0 
    left join
        auction_results ar1_0 
            on i1_0.item_id=ar1_0.item_id 
    where
        i1_0.category_id=?
2025-05-15 00:44:58,915 DEBUG o.h.e.j.s.SqlStatementLogger [http-nio-8080-exec-8] 
    select
        b1_0.item_id,
        b1_0.bid_id,
        b1_0.bid_amount,
        b1_0.bid_time,
        b1_0.bidder_id,
        b1_0.item_bid_id 
    from
        bids b1_0 
    where
        b1_0.item_id=?
2025-05-15 00:44:58,955 DEBUG o.h.e.j.s.SqlStatementLogger [http-nio-8080-exec-8] 
    select
        b1_0.item_id,
        b1_0.bid_id,
        b1_0.bid_amount,
        b1_0.bid_time,
        b1_0.bidder_id,
        b1_0.item_bid_id 
    from
        bids b1_0 
    where
        b1_0.item_id=?
2025-05-15 00:44:59,007 DEBUG o.h.e.j.s.SqlStatementLogger [http-nio-8080-exec-8] 
    select
        u1_0.user_id,
        u1_0.email,
        u1_0.password_hash,
        u1_0.registration_date,
        u1_0.role,
        u1_0.user_status,
        u1_0.username 
    from
        users u1_0 
    where
        u1_0.user_id=?
2025-05-15 00:44:59,031 DEBUG o.h.e.j.s.SqlStatementLogger [http-nio-8080-exec-8] 
    select
        li1_0.seller_id,
        li1_0.item_id,
        ar1_0.result_id,
        ar1_0.final_price,
        ar1_0.item_id,
        ar1_0.result_status,
        ar1_0.winner_id,
        li1_0.category_id,
        li1_0.description,
        li1_0.end_date,
        li1_0.image_url,
        li1_0.item_status,
        li1_0.last_item_bid_id,
        li1_0.start_date,
        li1_0.starting_price,
        li1_0.title 
    from
        items li1_0 
    left join
        auction_results ar1_0 
            on li1_0.item_id=ar1_0.item_id 
    where
        li1_0.seller_id=?
2025-05-15 00:44:59,050 DEBUG o.h.e.j.s.SqlStatementLogger [http-nio-8080-exec-8] 
    select
        b1_0.bidder_id,
        b1_0.bid_id,
        b1_0.bid_amount,
        b1_0.bid_time,
        b1_0.item_id,
        b1_0.item_bid_id 
    from
        bids b1_0 
    where
        b1_0.bidder_id=?
2025-05-15 00:44:59,071 DEBUG o.h.e.j.s.SqlStatementLogger [http-nio-8080-exec-8] 
    select
        wa1_0.winner_id,
        wa1_0.result_id,
        wa1_0.final_price,
        wa1_0.item_id,
        wa1_0.result_status 
    from
        auction_results wa1_0 
    where
        wa1_0.winner_id=?
2025-05-15 00:44:59,083 DEBUG o.h.e.j.s.SqlStatementLogger [http-nio-8080-exec-8] 
    select
        b1_0.bidder_id,
        b1_0.bid_id,
        b1_0.bid_amount,
        b1_0.bid_time,
        b1_0.item_id,
        b1_0.item_bid_id 
    from
        bids b1_0 
    where
        b1_0.bidder_id=?
2025-05-15 00:44:59,095 DEBUG o.h.e.j.s.SqlStatementLogger [http-nio-8080-exec-8] 
    select
        wa1_0.winner_id,
        wa1_0.result_id,
        wa1_0.final_price,
        wa1_0.item_id,
        wa1_0.result_status 
    from
        auction_results wa1_0 
    where
        wa1_0.winner_id=?
2025-05-15 00:44:59,186 DEBUG o.h.e.j.s.SqlStatementLogger [http-nio-8080-exec-9] 
    select
        u1_0.user_id,
        u1_0.email,
        u1_0.password_hash,
        u1_0.registration_date,
        u1_0.role,
        u1_0.user_status,
        u1_0.username 
    from
        users u1_0 
    where
        u1_0.username=?
2025-05-15 00:44:59,285 DEBUG o.h.e.j.s.SqlStatementLogger [http-nio-8080-exec-9] 
    select
        u1_0.user_id,
        u1_0.email,
        u1_0.password_hash,
        u1_0.registration_date,
        u1_0.role,
        u1_0.user_status,
        u1_0.username 
    from
        users u1_0 
    where
        u1_0.user_id=?
2025-05-15 00:44:59,427 DEBUG o.h.e.j.s.SqlStatementLogger [http-nio-8080-exec-9] 
    select
        li1_0.seller_id,
        li1_0.item_id,
        ar1_0.result_id,
        ar1_0.final_price,
        ar1_0.item_id,
        ar1_0.result_status,
        ar1_0.winner_id,
        li1_0.category_id,
        li1_0.description,
        li1_0.end_date,
        li1_0.image_url,
        li1_0.item_status,
        li1_0.last_item_bid_id,
        li1_0.start_date,
        li1_0.starting_price,
        li1_0.title 
    from
        items li1_0 
    left join
        auction_results ar1_0 
            on li1_0.item_id=ar1_0.item_id 
    where
        li1_0.seller_id=?
2025-05-15 00:44:59,466 DEBUG o.h.e.j.s.SqlStatementLogger [http-nio-8080-exec-9] 
    select
        c1_0.category_id,
        c1_0.category_name,
        c1_0.description,
        c1_0.parent_category_id 
    from
        categories c1_0 
    where
        c1_0.category_id=?
2025-05-15 00:44:59,478 DEBUG o.h.e.j.s.SqlStatementLogger [http-nio-8080-exec-9] 
    select
        s1_0.parent_category_id,
        s1_0.category_id,
        s1_0.category_name,
        s1_0.description 
    from
        categories s1_0 
    where
        s1_0.parent_category_id=?
2025-05-15 00:44:59,491 DEBUG o.h.e.j.s.SqlStatementLogger [http-nio-8080-exec-9] 
    select
        s1_0.parent_category_id,
        s1_0.category_id,
        s1_0.category_name,
        s1_0.description 
    from
        categories s1_0 
    where
        s1_0.parent_category_id=?
2025-05-15 00:44:59,501 DEBUG o.h.e.j.s.SqlStatementLogger [http-nio-8080-exec-9] 
    select
        s1_0.parent_category_id,
        s1_0.category_id,
        s1_0.category_name,
        s1_0.description 
    from
        categories s1_0 
    where
        s1_0.parent_category_id=?
2025-05-15 00:44:59,517 DEBUG o.h.e.j.s.SqlStatementLogger [http-nio-8080-exec-9] 
    select
        i1_0.category_id,
        i1_0.item_id,
        ar1_0.result_id,
        ar1_0.final_price,
        ar1_0.item_id,
        ar1_0.result_status,
        ar1_0.winner_id,
        i1_0.description,
        i1_0.end_date,
        i1_0.image_url,
        i1_0.item_status,
        i1_0.last_item_bid_id,
        i1_0.seller_id,
        i1_0.start_date,
        i1_0.starting_price,
        i1_0.title 
    from
        items i1_0 
    left join
        auction_results ar1_0 
            on i1_0.item_id=ar1_0.item_id 
    where
        i1_0.category_id=?
2025-05-15 00:44:59,550 DEBUG o.h.e.j.s.SqlStatementLogger [http-nio-8080-exec-9] 
    select
        i1_0.category_id,
        i1_0.item_id,
        ar1_0.result_id,
        ar1_0.final_price,
        ar1_0.item_id,
        ar1_0.result_status,
        ar1_0.winner_id,
        i1_0.description,
        i1_0.end_date,
        i1_0.image_url,
        i1_0.item_status,
        i1_0.last_item_bid_id,
        i1_0.seller_id,
        i1_0.start_date,
        i1_0.starting_price,
        i1_0.title 
    from
        items i1_0 
    left join
        auction_results ar1_0 
            on i1_0.item_id=ar1_0.item_id 
    where
        i1_0.category_id=?
2025-05-15 00:44:59,584 DEBUG o.h.e.j.s.SqlStatementLogger [http-nio-8080-exec-9] 
    select
        i1_0.category_id,
        i1_0.item_id,
        ar1_0.result_id,
        ar1_0.final_price,
        ar1_0.item_id,
        ar1_0.result_status,
        ar1_0.winner_id,
        i1_0.description,
        i1_0.end_date,
        i1_0.image_url,
        i1_0.item_status,
        i1_0.last_item_bid_id,
        i1_0.seller_id,
        i1_0.start_date,
        i1_0.starting_price,
        i1_0.title 
    from
        items i1_0 
    left join
        auction_results ar1_0 
            on i1_0.item_id=ar1_0.item_id 
    where
        i1_0.category_id=?
2025-05-15 00:44:59,618 DEBUG o.h.e.j.s.SqlStatementLogger [http-nio-8080-exec-9] 
    select
        b1_0.item_id,
        b1_0.bid_id,
        b1_0.bid_amount,
        b1_0.bid_time,
        b1_0.bidder_id,
        b1_0.item_bid_id 
    from
        bids b1_0 
    where
        b1_0.item_id=?
2025-05-15 00:44:59,638 DEBUG o.h.e.j.s.SqlStatementLogger [http-nio-8080-exec-9] 
    select
        b1_0.item_id,
        b1_0.bid_id,
        b1_0.bid_amount,
        b1_0.bid_time,
        b1_0.bidder_id,
        b1_0.item_bid_id 
    from
        bids b1_0 
    where
        b1_0.item_id=?
2025-05-15 00:44:59,650 DEBUG o.h.e.j.s.SqlStatementLogger [http-nio-8080-exec-9] 
    select
        u1_0.user_id,
        u1_0.email,
        u1_0.password_hash,
        u1_0.registration_date,
        u1_0.role,
        u1_0.user_status,
        u1_0.username 
    from
        users u1_0 
    where
        u1_0.user_id=?
2025-05-15 00:44:59,759 DEBUG o.h.e.j.s.SqlStatementLogger [http-nio-8080-exec-9] 
    select
        li1_0.seller_id,
        li1_0.item_id,
        ar1_0.result_id,
        ar1_0.final_price,
        ar1_0.item_id,
        ar1_0.result_status,
        ar1_0.winner_id,
        li1_0.category_id,
        li1_0.description,
        li1_0.end_date,
        li1_0.image_url,
        li1_0.item_status,
        li1_0.last_item_bid_id,
        li1_0.start_date,
        li1_0.starting_price,
        li1_0.title 
    from
        items li1_0 
    left join
        auction_results ar1_0 
            on li1_0.item_id=ar1_0.item_id 
    where
        li1_0.seller_id=?
2025-05-15 00:44:59,798 DEBUG o.h.e.j.s.SqlStatementLogger [http-nio-8080-exec-9] 
    select
        b1_0.bidder_id,
        b1_0.bid_id,
        b1_0.bid_amount,
        b1_0.bid_time,
        b1_0.item_id,
        b1_0.item_bid_id 
    from
        bids b1_0 
    where
        b1_0.bidder_id=?
2025-05-15 00:44:59,812 DEBUG o.h.e.j.s.SqlStatementLogger [http-nio-8080-exec-9] 
    select
        wa1_0.winner_id,
        wa1_0.result_id,
        wa1_0.final_price,
        wa1_0.item_id,
        wa1_0.result_status 
    from
        auction_results wa1_0 
    where
        wa1_0.winner_id=?
2025-05-15 00:44:59,833 DEBUG o.h.e.j.s.SqlStatementLogger [http-nio-8080-exec-9] 
    select
        b1_0.bidder_id,
        b1_0.bid_id,
        b1_0.bid_amount,
        b1_0.bid_time,
        b1_0.item_id,
        b1_0.item_bid_id 
    from
        bids b1_0 
    where
        b1_0.bidder_id=?
2025-05-15 00:44:59,849 DEBUG o.h.e.j.s.SqlStatementLogger [http-nio-8080-exec-9] 
    select
        wa1_0.winner_id,
        wa1_0.result_id,
        wa1_0.final_price,
        wa1_0.item_id,
        wa1_0.result_status 
    from
        auction_results wa1_0 
    where
        wa1_0.winner_id=?
2025-05-15 00:45:01,325 DEBUG o.h.e.j.s.SqlStatementLogger [http-nio-8080-exec-2] 
    select
        n1_0.id,
        n1_0.created_at,
        n1_0.message,
        n1_0.read,
        n1_0.target,
        n1_0.title,
        n1_0.user_id 
    from
        notification n1_0 
    where
        n1_0.target=?
2025-05-15 00:45:01,413 DEBUG o.h.e.j.s.SqlStatementLogger [http-nio-8080-exec-2] 
    select
        n1_0.id,
        n1_0.created_at,
        n1_0.message,
        n1_0.read,
        n1_0.target,
        n1_0.title,
        n1_0.user_id 
    from
        notification n1_0 
    where
        n1_0.target=?
2025-05-15 00:45:01,494 DEBUG o.h.e.j.s.SqlStatementLogger [http-nio-8080-exec-3] 
    select
        n1_0.id,
        n1_0.created_at,
        n1_0.message,
        n1_0.read,
        n1_0.target,
        n1_0.title,
        n1_0.user_id 
    from
        notification n1_0 
    where
        n1_0.target=?
2025-05-15 00:45:01,573 DEBUG o.h.e.j.s.SqlStatementLogger [http-nio-8080-exec-3] 
    select
        n1_0.id,
        n1_0.created_at,
        n1_0.message,
        n1_0.read,
        n1_0.target,
        n1_0.title,
        n1_0.user_id 
    from
        notification n1_0 
    where
        n1_0.target=?
2025-05-15 00:45:08,432 DEBUG o.h.e.j.s.SqlStatementLogger [http-nio-8080-exec-7] 
    select
        i1_0.item_id,
        i1_0.category_id,
        i1_0.description,
        i1_0.end_date,
        i1_0.image_url,
        i1_0.item_status,
        i1_0.last_item_bid_id,
        i1_0.seller_id,
        i1_0.start_date,
        i1_0.starting_price,
        i1_0.title 
    from
        items i1_0 
    where
        i1_0.item_status=?
2025-05-15 00:45:08,448 DEBUG o.h.e.j.s.SqlStatementLogger [http-nio-8080-exec-7] 
    select
        ar1_0.result_id,
        ar1_0.final_price,
        ar1_0.item_id,
        ar1_0.result_status,
        ar1_0.winner_id 
    from
        auction_results ar1_0 
    where
        ar1_0.item_id=?
2025-05-15 00:45:08,649 DEBUG o.h.e.j.s.SqlStatementLogger [http-nio-8080-exec-7] 
    select
        c1_0.category_id,
        c1_0.category_name,
        c1_0.description,
        c1_0.parent_category_id 
    from
        categories c1_0 
    where
        c1_0.category_id=?
2025-05-15 00:45:08,682 DEBUG o.h.e.j.s.SqlStatementLogger [http-nio-8080-exec-7] 
    select
        b1_0.item_id,
        b1_0.bid_id,
        b1_0.bid_amount,
        b1_0.bid_time,
        b1_0.bidder_id,
        b1_0.item_bid_id 
    from
        bids b1_0 
    where
        b1_0.item_id=?
2025-05-15 00:45:11,749 DEBUG o.h.e.j.s.SqlStatementLogger [http-nio-8080-exec-8] 
    select
        i1_0.item_id,
        i1_0.category_id,
        i1_0.description,
        i1_0.end_date,
        i1_0.image_url,
        i1_0.item_status,
        i1_0.last_item_bid_id,
        i1_0.seller_id,
        i1_0.start_date,
        i1_0.starting_price,
        i1_0.title 
    from
        items i1_0 
    where
        i1_0.item_status=?
2025-05-15 00:45:11,772 DEBUG o.h.e.j.s.SqlStatementLogger [http-nio-8080-exec-9] 
    select
        c1_0.category_id,
        c1_0.category_name,
        c1_0.description,
        c1_0.parent_category_id 
    from
        categories c1_0
2025-05-15 00:45:11,796 DEBUG o.h.e.j.s.SqlStatementLogger [http-nio-8080-exec-9] 
    select
        s1_0.parent_category_id,
        s1_0.category_id,
        s1_0.category_name,
        s1_0.description 
    from
        categories s1_0 
    where
        s1_0.parent_category_id=?
2025-05-15 00:45:11,824 DEBUG o.h.e.j.s.SqlStatementLogger [http-nio-8080-exec-8] 
    select
        ar1_0.result_id,
        ar1_0.final_price,
        ar1_0.item_id,
        ar1_0.result_status,
        ar1_0.winner_id 
    from
        auction_results ar1_0 
    where
        ar1_0.item_id=?
2025-05-15 00:45:11,921 DEBUG o.h.e.j.s.SqlStatementLogger [http-nio-8080-exec-9] 
    select
        s1_0.parent_category_id,
        s1_0.category_id,
        s1_0.category_name,
        s1_0.description 
    from
        categories s1_0 
    where
        s1_0.parent_category_id=?
2025-05-15 00:45:11,961 DEBUG o.h.e.j.s.SqlStatementLogger [http-nio-8080-exec-9] 
    select
        s1_0.parent_category_id,
        s1_0.category_id,
        s1_0.category_name,
        s1_0.description 
    from
        categories s1_0 
    where
        s1_0.parent_category_id=?
2025-05-15 00:45:11,969 DEBUG o.h.e.j.s.SqlStatementLogger [http-nio-8080-exec-8] 
    select
        c1_0.category_id,
        c1_0.category_name,
        c1_0.description,
        c1_0.parent_category_id 
    from
        categories c1_0 
    where
        c1_0.category_id=?
2025-05-15 00:45:11,977 DEBUG o.h.e.j.s.SqlStatementLogger [http-nio-8080-exec-9] 
    select
        s1_0.parent_category_id,
        s1_0.category_id,
        s1_0.category_name,
        s1_0.description 
    from
        categories s1_0 
    where
        s1_0.parent_category_id=?
2025-05-15 00:45:11,995 DEBUG o.h.e.j.s.SqlStatementLogger [http-nio-8080-exec-8] 
    select
        b1_0.item_id,
        b1_0.bid_id,
        b1_0.bid_amount,
        b1_0.bid_time,
        b1_0.bidder_id,
        b1_0.item_bid_id 
    from
        bids b1_0 
    where
        b1_0.item_id=?
2025-05-15 00:45:12,057 DEBUG o.h.e.j.s.SqlStatementLogger [http-nio-8080-exec-8] 
    select
        i1_0.item_id,
        i1_0.category_id,
        i1_0.description,
        i1_0.end_date,
        i1_0.image_url,
        i1_0.item_status,
        i1_0.last_item_bid_id,
        i1_0.seller_id,
        i1_0.start_date,
        i1_0.starting_price,
        i1_0.title 
    from
        items i1_0 
    where
        i1_0.item_status=?
2025-05-15 00:45:12,081 DEBUG o.h.e.j.s.SqlStatementLogger [http-nio-8080-exec-8] 
    select
        ar1_0.result_id,
        ar1_0.final_price,
        ar1_0.item_id,
        ar1_0.result_status,
        ar1_0.winner_id 
    from
        auction_results ar1_0 
    where
        ar1_0.item_id=?
2025-05-15 00:45:12,096 DEBUG o.h.e.j.s.SqlStatementLogger [http-nio-8080-exec-8] 
    select
        c1_0.category_id,
        c1_0.category_name,
        c1_0.description,
        c1_0.parent_category_id 
    from
        categories c1_0 
    where
        c1_0.category_id=?
2025-05-15 00:45:12,110 DEBUG o.h.e.j.s.SqlStatementLogger [http-nio-8080-exec-8] 
    select
        b1_0.item_id,
        b1_0.bid_id,
        b1_0.bid_amount,
        b1_0.bid_time,
        b1_0.bidder_id,
        b1_0.item_bid_id 
    from
        bids b1_0 
    where
        b1_0.item_id=?
2025-05-15 00:45:12,155 DEBUG o.h.e.j.s.SqlStatementLogger [http-nio-8080-exec-1] 
    select
        c1_0.category_id,
        c1_0.category_name,
        c1_0.description,
        c1_0.parent_category_id 
    from
        categories c1_0
2025-05-15 00:45:12,402 DEBUG o.h.e.j.s.SqlStatementLogger [http-nio-8080-exec-1] 
    select
        s1_0.parent_category_id,
        s1_0.category_id,
        s1_0.category_name,
        s1_0.description 
    from
        categories s1_0 
    where
        s1_0.parent_category_id=?
2025-05-15 00:45:12,503 DEBUG o.h.e.j.s.SqlStatementLogger [http-nio-8080-exec-1] 
    select
        s1_0.parent_category_id,
        s1_0.category_id,
        s1_0.category_name,
        s1_0.description 
    from
        categories s1_0 
    where
        s1_0.parent_category_id=?
2025-05-15 00:45:12,578 DEBUG o.h.e.j.s.SqlStatementLogger [http-nio-8080-exec-1] 
    select
        s1_0.parent_category_id,
        s1_0.category_id,
        s1_0.category_name,
        s1_0.description 
    from
        categories s1_0 
    where
        s1_0.parent_category_id=?
2025-05-15 00:45:12,594 DEBUG o.h.e.j.s.SqlStatementLogger [http-nio-8080-exec-1] 
    select
        s1_0.parent_category_id,
        s1_0.category_id,
        s1_0.category_name,
        s1_0.description 
    from
        categories s1_0 
    where
        s1_0.parent_category_id=?
2025-05-15 00:45:15,596 DEBUG o.h.e.j.s.SqlStatementLogger [http-nio-8080-exec-7] 
    select
        c1_0.category_id,
        c1_0.category_name,
        c1_0.description,
        c1_0.parent_category_id 
    from
        categories c1_0
2025-05-15 00:45:15,598 DEBUG o.h.e.j.s.SqlStatementLogger [http-nio-8080-exec-5] 
    select
        i1_0.item_id,
        i1_0.category_id,
        i1_0.description,
        i1_0.end_date,
        i1_0.image_url,
        i1_0.item_status,
        i1_0.last_item_bid_id,
        i1_0.seller_id,
        i1_0.start_date,
        i1_0.starting_price,
        i1_0.title 
    from
        items i1_0 
    where
        i1_0.item_status=?
2025-05-15 00:45:15,615 DEBUG o.h.e.j.s.SqlStatementLogger [http-nio-8080-exec-7] 
    select
        s1_0.parent_category_id,
        s1_0.category_id,
        s1_0.category_name,
        s1_0.description 
    from
        categories s1_0 
    where
        s1_0.parent_category_id=?
2025-05-15 00:45:15,630 DEBUG o.h.e.j.s.SqlStatementLogger [http-nio-8080-exec-7] 
    select
        s1_0.parent_category_id,
        s1_0.category_id,
        s1_0.category_name,
        s1_0.description 
    from
        categories s1_0 
    where
        s1_0.parent_category_id=?
2025-05-15 00:45:15,637 DEBUG o.h.e.j.s.SqlStatementLogger [http-nio-8080-exec-7] 
    select
        s1_0.parent_category_id,
        s1_0.category_id,
        s1_0.category_name,
        s1_0.description 
    from
        categories s1_0 
    where
        s1_0.parent_category_id=?
2025-05-15 00:45:15,645 DEBUG o.h.e.j.s.SqlStatementLogger [http-nio-8080-exec-7] 
    select
        s1_0.parent_category_id,
        s1_0.category_id,
        s1_0.category_name,
        s1_0.description 
    from
        categories s1_0 
    where
        s1_0.parent_category_id=?
2025-05-15 00:45:18,531 DEBUG o.h.e.j.s.SqlStatementLogger [http-nio-8080-exec-10] 
    select
        c1_0.category_id,
        c1_0.category_name,
        c1_0.description,
        c1_0.parent_category_id 
    from
        categories c1_0
2025-05-15 00:45:18,563 DEBUG o.h.e.j.s.SqlStatementLogger [http-nio-8080-exec-6] 
    select
        i1_0.item_id,
        i1_0.category_id,
        i1_0.description,
        i1_0.end_date,
        i1_0.image_url,
        i1_0.item_status,
        i1_0.last_item_bid_id,
        i1_0.seller_id,
        i1_0.start_date,
        i1_0.starting_price,
        i1_0.title 
    from
        items i1_0 
    where
        i1_0.item_status=?
2025-05-15 00:45:18,604 DEBUG o.h.e.j.s.SqlStatementLogger [http-nio-8080-exec-6] 
    select
        ar1_0.result_id,
        ar1_0.final_price,
        ar1_0.item_id,
        ar1_0.result_status,
        ar1_0.winner_id 
    from
        auction_results ar1_0 
    where
        ar1_0.item_id=?
2025-05-15 00:45:18,612 DEBUG o.h.e.j.s.SqlStatementLogger [http-nio-8080-exec-6] 
    select
        c1_0.category_id,
        c1_0.category_name,
        c1_0.description,
        c1_0.parent_category_id 
    from
        categories c1_0 
    where
        c1_0.category_id=?
2025-05-15 00:45:18,614 DEBUG o.h.e.j.s.SqlStatementLogger [http-nio-8080-exec-10] 
    select
        s1_0.parent_category_id,
        s1_0.category_id,
        s1_0.category_name,
        s1_0.description 
    from
        categories s1_0 
    where
        s1_0.parent_category_id=?
2025-05-15 00:45:18,622 DEBUG o.h.e.j.s.SqlStatementLogger [http-nio-8080-exec-6] 
    select
        b1_0.item_id,
        b1_0.bid_id,
        b1_0.bid_amount,
        b1_0.bid_time,
        b1_0.bidder_id,
        b1_0.item_bid_id 
    from
        bids b1_0 
    where
        b1_0.item_id=?
2025-05-15 00:45:18,755 DEBUG o.h.e.j.s.SqlStatementLogger [http-nio-8080-exec-10] 
    select
        s1_0.parent_category_id,
        s1_0.category_id,
        s1_0.category_name,
        s1_0.description 
    from
        categories s1_0 
    where
        s1_0.parent_category_id=?
2025-05-15 00:45:18,766 DEBUG o.h.e.j.s.SqlStatementLogger [http-nio-8080-exec-10] 
    select
        s1_0.parent_category_id,
        s1_0.category_id,
        s1_0.category_name,
        s1_0.description 
    from
        categories s1_0 
    where
        s1_0.parent_category_id=?
2025-05-15 00:45:18,780 DEBUG o.h.e.j.s.SqlStatementLogger [http-nio-8080-exec-10] 
    select
        s1_0.parent_category_id,
        s1_0.category_id,
        s1_0.category_name,
        s1_0.description 
    from
        categories s1_0 
    where
        s1_0.parent_category_id=?
2025-05-15 00:45:20,273 DEBUG o.h.e.j.s.SqlStatementLogger [http-nio-8080-exec-8] 
    select
        c1_0.category_id,
        c1_0.category_name,
        c1_0.description,
        c1_0.parent_category_id 
    from
        categories c1_0
2025-05-15 00:45:20,296 DEBUG o.h.e.j.s.SqlStatementLogger [http-nio-8080-exec-9] 
    select
        i1_0.item_id,
        i1_0.category_id,
        i1_0.description,
        i1_0.end_date,
        i1_0.image_url,
        i1_0.item_status,
        i1_0.last_item_bid_id,
        i1_0.seller_id,
        i1_0.start_date,
        i1_0.starting_price,
        i1_0.title 
    from
        items i1_0 
    where
        i1_0.item_status=?
2025-05-15 00:45:20,338 DEBUG o.h.e.j.s.SqlStatementLogger [http-nio-8080-exec-9] 
    select
        ar1_0.result_id,
        ar1_0.final_price,
        ar1_0.item_id,
        ar1_0.result_status,
        ar1_0.winner_id 
    from
        auction_results ar1_0 
    where
        ar1_0.item_id=?
2025-05-15 00:45:20,357 DEBUG o.h.e.j.s.SqlStatementLogger [http-nio-8080-exec-9] 
    select
        u1_0.user_id,
        u1_0.email,
        u1_0.password_hash,
        u1_0.registration_date,
        u1_0.role,
        u1_0.user_status,
        u1_0.username 
    from
        users u1_0 
    where
        u1_0.user_id=?
2025-05-15 00:45:20,373 DEBUG o.h.e.j.s.SqlStatementLogger [http-nio-8080-exec-8] 
    select
        s1_0.parent_category_id,
        s1_0.category_id,
        s1_0.category_name,
        s1_0.description 
    from
        categories s1_0 
    where
        s1_0.parent_category_id=?
2025-05-15 00:45:20,374 DEBUG o.h.e.j.s.SqlStatementLogger [http-nio-8080-exec-9] 
    select
        c1_0.category_id,
        c1_0.category_name,
        c1_0.description,
        c1_0.parent_category_id 
    from
        categories c1_0 
    where
        c1_0.category_id=?
2025-05-15 00:45:20,387 DEBUG o.h.e.j.s.SqlStatementLogger [http-nio-8080-exec-9] 
    select
        b1_0.item_id,
        b1_0.bid_id,
        b1_0.bid_amount,
        b1_0.bid_time,
        b1_0.bidder_id,
        b1_0.item_bid_id 
    from
        bids b1_0 
    where
        b1_0.item_id=?
2025-05-15 00:45:20,415 DEBUG o.h.e.j.s.SqlStatementLogger [http-nio-8080-exec-8] 
    select
        s1_0.parent_category_id,
        s1_0.category_id,
        s1_0.category_name,
        s1_0.description 
    from
        categories s1_0 
    where
        s1_0.parent_category_id=?
2025-05-15 00:45:20,432 DEBUG o.h.e.j.s.SqlStatementLogger [http-nio-8080-exec-8] 
    select
        s1_0.parent_category_id,
        s1_0.category_id,
        s1_0.category_name,
        s1_0.description 
    from
        categories s1_0 
    where
        s1_0.parent_category_id=?
2025-05-15 00:45:20,460 DEBUG o.h.e.j.s.SqlStatementLogger [http-nio-8080-exec-8] 
    select
        s1_0.parent_category_id,
        s1_0.category_id,
        s1_0.category_name,
        s1_0.description 
    from
        categories s1_0 
    where
        s1_0.parent_category_id=?
2025-05-15 00:45:22,233 DEBUG o.h.e.j.s.SqlStatementLogger [http-nio-8080-exec-1] 
    select
        u1_0.user_id,
        u1_0.email,
        u1_0.password_hash,
        u1_0.registration_date,
        u1_0.role,
        u1_0.user_status,
        u1_0.username 
    from
        users u1_0 
    where
        u1_0.username=?
2025-05-15 00:45:22,455 DEBUG o.h.e.j.s.SqlStatementLogger [http-nio-8080-exec-3] 
    select
        u1_0.user_id,
        u1_0.email,
        u1_0.password_hash,
        u1_0.registration_date,
        u1_0.role,
        u1_0.user_status,
        u1_0.username 
    from
        users u1_0 
    where
        u1_0.username=?
2025-05-15 00:45:22,627 DEBUG o.h.e.j.s.SqlStatementLogger [http-nio-8080-exec-4] 
    select
        i1_0.item_id,
        i1_0.category_id,
        i1_0.description,
        i1_0.end_date,
        i1_0.image_url,
        i1_0.item_status,
        i1_0.last_item_bid_id,
        i1_0.seller_id,
        i1_0.start_date,
        i1_0.starting_price,
        i1_0.title 
    from
        items i1_0 
    where
        i1_0.item_status=?
2025-05-15 00:45:22,648 DEBUG o.h.e.j.s.SqlStatementLogger [http-nio-8080-exec-4] 
    select
        ar1_0.result_id,
        ar1_0.final_price,
        ar1_0.item_id,
        ar1_0.result_status,
        ar1_0.winner_id 
    from
        auction_results ar1_0 
    where
        ar1_0.item_id=?
2025-05-15 00:45:22,687 DEBUG o.h.e.j.s.SqlStatementLogger [http-nio-8080-exec-4] 
    select
        c1_0.category_id,
        c1_0.category_name,
        c1_0.description,
        c1_0.parent_category_id 
    from
        categories c1_0 
    where
        c1_0.category_id=?
2025-05-15 00:45:22,695 DEBUG o.h.e.j.s.SqlStatementLogger [http-nio-8080-exec-4] 
    select
        b1_0.item_id,
        b1_0.bid_id,
        b1_0.bid_amount,
        b1_0.bid_time,
        b1_0.bidder_id,
        b1_0.item_bid_id 
    from
        bids b1_0 
    where
        b1_0.item_id=?
2025-05-15 00:45:26,684 DEBUG o.h.e.j.s.SqlStatementLogger [http-nio-8080-exec-7] 
    select
        u1_0.user_id,
        u1_0.email,
        u1_0.password_hash,
        u1_0.registration_date,
        u1_0.role,
        u1_0.user_status,
        u1_0.username 
    from
        users u1_0 
    where
        u1_0.username=?
2025-05-15 00:45:26,727 DEBUG o.h.e.j.s.SqlStatementLogger [http-nio-8080-exec-10] 
    select
        u1_0.user_id,
        u1_0.email,
        u1_0.password_hash,
        u1_0.registration_date,
        u1_0.role,
        u1_0.user_status,
        u1_0.username 
    from
        users u1_0 
    where
        u1_0.username=?
2025-05-15 00:45:26,729 DEBUG o.h.e.j.s.SqlStatementLogger [http-nio-8080-exec-6] 
    select
        u1_0.user_id,
        u1_0.email,
        u1_0.password_hash,
        u1_0.registration_date,
        u1_0.role,
        u1_0.user_status,
        u1_0.username 
    from
        users u1_0 
    where
        u1_0.username=?
2025-05-15 00:45:26,738 DEBUG o.h.e.j.s.SqlStatementLogger [http-nio-8080-exec-9] 
    select
        u1_0.user_id,
        u1_0.email,
        u1_0.password_hash,
        u1_0.registration_date,
        u1_0.role,
        u1_0.user_status,
        u1_0.username 
    from
        users u1_0 
    where
        u1_0.username=?
2025-05-15 00:45:26,799 DEBUG o.h.e.j.s.SqlStatementLogger [http-nio-8080-exec-7] 
    select
        b1_0.bid_id,
        b1_0.bid_amount,
        b1_0.bid_time,
        b1_0.bidder_id,
        b1_0.item_id,
        b1_0.item_bid_id 
    from
        bids b1_0 
    left join
        users b2_0 
            on b2_0.user_id=b1_0.bidder_id 
    where
        b2_0.user_id=?
2025-05-15 00:45:26,865 DEBUG o.h.e.j.s.SqlStatementLogger [http-nio-8080-exec-9] 
    select
        n1_0.id,
        n1_0.created_at,
        n1_0.message,
        n1_0.read,
        n1_0.target,
        n1_0.title,
        n1_0.user_id 
    from
        notification n1_0 
    left join
        users u1_0 
            on u1_0.user_id=n1_0.user_id 
    where
        u1_0.user_id=?
2025-05-15 00:45:26,963 DEBUG o.h.e.j.s.SqlStatementLogger [http-nio-8080-exec-10] 
    select
        f1_0.id,
        f1_0.created_at,
        f1_0.item_id,
        f1_0.user_id 
    from
        favorite f1_0 
    left join
        users u1_0 
            on u1_0.user_id=f1_0.user_id 
    where
        u1_0.user_id=?
2025-05-15 00:45:26,968 DEBUG o.h.e.j.s.SqlStatementLogger [http-nio-8080-exec-6] 
    select
        ar1_0.result_id,
        ar1_0.final_price,
        ar1_0.item_id,
        ar1_0.result_status,
        ar1_0.winner_id 
    from
        auction_results ar1_0 
    left join
        users w1_0 
            on w1_0.user_id=ar1_0.winner_id 
    where
        w1_0.user_id=?
2025-05-15 00:45:26,998 WARN o.s.w.s.m.m.a.ExceptionHandlerExceptionResolver [http-nio-8080-exec-9] Failure in @ExceptionHandler com.auction.config.GlobalExceptionHandler#handleRuntimeException(RuntimeException)
java.lang.IllegalStateException: Session was invalidated
	at org.springframework.session.data.redis.RedisSessionRepository.save(RedisSessionRepository.java:129)
	at org.springframework.session.data.redis.RedisSessionRepository.save(RedisSessionRepository.java:45)
	at org.springframework.session.web.http.SessionRepositoryFilter$SessionRepositoryRequestWrapper.commitSession(SessionRepositoryFilter.java:229)
	at org.springframework.session.web.http.SessionRepositoryFilter$SessionRepositoryResponseWrapper.onResponseCommitted(SessionRepositoryFilter.java:180)
	at org.springframework.session.web.http.OnCommittedResponseWrapper.doOnResponseCommitted(OnCommittedResponseWrapper.java:227)
	at org.springframework.session.web.http.OnCommittedResponseWrapper$SaveContextServletOutputStream.flush(OnCommittedResponseWrapper.java:499)
	at org.springframework.security.web.util.OnCommittedResponseWrapper$SaveContextServletOutputStream.flush(OnCommittedResponseWrapper.java:524)
	at java.base/java.io.FilterOutputStream.flush(FilterOutputStream.java:153)
	at com.fasterxml.jackson.core.json.UTF8JsonGenerator.flush(UTF8JsonGenerator.java:1200)
	at com.fasterxml.jackson.databind.ObjectWriter.writeValue(ObjectWriter.java:1063)
	at org.springframework.http.converter.json.AbstractJackson2HttpMessageConverter.writeInternal(AbstractJackson2HttpMessageConverter.java:483)
	at org.springframework.http.converter.AbstractGenericHttpMessageConverter.write(AbstractGenericHttpMessageConverter.java:114)
	at org.springframework.web.servlet.mvc.method.annotation.AbstractMessageConverterMethodProcessor.writeWithMessageConverters(AbstractMessageConverterMethodProcessor.java:297)
	at org.springframework.web.servlet.mvc.method.annotation.RequestResponseBodyMethodProcessor.handleReturnValue(RequestResponseBodyMethodProcessor.java:190)
	at org.springframework.web.method.support.HandlerMethodReturnValueHandlerComposite.handleReturnValue(HandlerMethodReturnValueHandlerComposite.java:78)
	at org.springframework.web.servlet.mvc.method.annotation.ServletInvocableHandlerMethod.invokeAndHandle(ServletInvocableHandlerMethod.java:136)
	at org.springframework.web.servlet.mvc.method.annotation.ExceptionHandlerExceptionResolver.doResolveHandlerMethodException(ExceptionHandlerExceptionResolver.java:432)
	at org.springframework.web.servlet.handler.AbstractHandlerMethodExceptionResolver.doResolveException(AbstractHandlerMethodExceptionResolver.java:74)
	at org.springframework.web.servlet.handler.AbstractHandlerExceptionResolver.resolveException(AbstractHandlerExceptionResolver.java:175)
	at org.springframework.web.servlet.handler.HandlerExceptionResolverComposite.resolveException(HandlerExceptionResolverComposite.java:80)
	at org.springframework.web.servlet.DispatcherServlet.processHandlerException(DispatcherServlet.java:1357)
	at org.springframework.web.servlet.DispatcherServlet.processDispatchResult(DispatcherServlet.java:1160)
	at org.springframework.web.servlet.DispatcherServlet.doDispatch(DispatcherServlet.java:1106)
	at org.springframework.web.servlet.DispatcherServlet.doService(DispatcherServlet.java:979)
	at org.springframework.web.servlet.FrameworkServlet.processRequest(FrameworkServlet.java:1014)
	at org.springframework.web.servlet.FrameworkServlet.doGet(FrameworkServlet.java:903)
	at jakarta.servlet.http.HttpServlet.service(HttpServlet.java:564)
	at org.springframework.web.servlet.FrameworkServlet.service(FrameworkServlet.java:885)
	at jakarta.servlet.http.HttpServlet.service(HttpServlet.java:658)
	at org.apache.catalina.core.ApplicationFilterChain.internalDoFilter(ApplicationFilterChain.java:205)
	at org.apache.catalina.core.ApplicationFilterChain.doFilter(ApplicationFilterChain.java:149)
	at org.apache.tomcat.websocket.server.WsFilter.doFilter(WsFilter.java:51)
	at org.apache.catalina.core.ApplicationFilterChain.internalDoFilter(ApplicationFilterChain.java:174)
	at org.apache.catalina.core.ApplicationFilterChain.doFilter(ApplicationFilterChain.java:149)
	at org.springframework.web.filter.OncePerRequestFilter.doFilter(OncePerRequestFilter.java:110)
	at org.apache.catalina.core.ApplicationFilterChain.internalDoFilter(ApplicationFilterChain.java:174)
	at org.apache.catalina.core.ApplicationFilterChain.doFilter(ApplicationFilterChain.java:149)
	at org.springframework.web.filter.CompositeFilter$VirtualFilterChain.doFilter(CompositeFilter.java:108)
	at org.springframework.security.web.FilterChainProxy.lambda$doFilterInternal$3(FilterChainProxy.java:231)
	at org.springframework.security.web.FilterChainProxy$VirtualFilterChain.doFilter(FilterChainProxy.java:365)
	at org.springframework.security.web.access.intercept.AuthorizationFilter.doFilter(AuthorizationFilter.java:100)
	at org.springframework.security.web.FilterChainProxy$VirtualFilterChain.doFilter(FilterChainProxy.java:374)
	at org.springframework.security.web.access.ExceptionTranslationFilter.doFilter(ExceptionTranslationFilter.java:126)
	at org.springframework.security.web.access.ExceptionTranslationFilter.doFilter(ExceptionTranslationFilter.java:120)
	at org.springframework.security.web.FilterChainProxy$VirtualFilterChain.doFilter(FilterChainProxy.java:374)
	at org.springframework.security.web.session.SessionManagementFilter.doFilter(SessionManagementFilter.java:131)
	at org.springframework.security.web.session.SessionManagementFilter.doFilter(SessionManagementFilter.java:85)
	at org.springframework.security.web.FilterChainProxy$VirtualFilterChain.doFilter(FilterChainProxy.java:374)
	at org.springframework.security.web.authentication.AnonymousAuthenticationFilter.doFilter(AnonymousAuthenticationFilter.java:100)
	at org.springframework.security.web.FilterChainProxy$VirtualFilterChain.doFilter(FilterChainProxy.java:374)
	at org.springframework.security.web.servletapi.SecurityContextHolderAwareRequestFilter.doFilter(SecurityContextHolderAwareRequestFilter.java:179)
	at org.springframework.security.web.FilterChainProxy$VirtualFilterChain.doFilter(FilterChainProxy.java:374)
	at org.springframework.security.web.savedrequest.RequestCacheAwareFilter.doFilter(RequestCacheAwareFilter.java:63)
	at org.springframework.security.web.FilterChainProxy$VirtualFilterChain.doFilter(FilterChainProxy.java:374)
	at com.auction.filter.JwtAuthenticationFilter.doFilterInternal(JwtAuthenticationFilter.java:79)
	at org.springframework.web.filter.OncePerRequestFilter.doFilter(OncePerRequestFilter.java:116)
	at org.springframework.security.web.FilterChainProxy$VirtualFilterChain.doFilter(FilterChainProxy.java:374)
	at org.springframework.security.web.authentication.logout.LogoutFilter.doFilter(LogoutFilter.java:107)
	at org.springframework.security.web.authentication.logout.LogoutFilter.doFilter(LogoutFilter.java:93)
	at org.springframework.security.web.FilterChainProxy$VirtualFilterChain.doFilter(FilterChainProxy.java:374)
	at org.springframework.web.filter.CorsFilter.doFilterInternal(CorsFilter.java:91)
	at org.springframework.web.filter.OncePerRequestFilter.doFilter(OncePerRequestFilter.java:116)
	at org.springframework.security.web.FilterChainProxy$VirtualFilterChain.doFilter(FilterChainProxy.java:374)
	at org.springframework.security.web.header.HeaderWriterFilter.doHeadersAfter(HeaderWriterFilter.java:90)
	at org.springframework.security.web.header.HeaderWriterFilter.doFilterInternal(HeaderWriterFilter.java:75)
	at org.springframework.web.filter.OncePerRequestFilter.doFilter(OncePerRequestFilter.java:116)
	at org.springframework.security.web.FilterChainProxy$VirtualFilterChain.doFilter(FilterChainProxy.java:374)
	at org.springframework.security.web.context.SecurityContextHolderFilter.doFilter(SecurityContextHolderFilter.java:82)
	at org.springframework.security.web.context.SecurityContextHolderFilter.doFilter(SecurityContextHolderFilter.java:69)
	at org.springframework.security.web.FilterChainProxy$VirtualFilterChain.doFilter(FilterChainProxy.java:374)
	at org.springframework.security.web.context.request.async.WebAsyncManagerIntegrationFilter.doFilterInternal(WebAsyncManagerIntegrationFilter.java:62)
	at org.springframework.web.filter.OncePerRequestFilter.doFilter(OncePerRequestFilter.java:116)
	at org.springframework.security.web.FilterChainProxy$VirtualFilterChain.doFilter(FilterChainProxy.java:374)
	at org.springframework.security.web.session.DisableEncodeUrlFilter.doFilterInternal(DisableEncodeUrlFilter.java:42)
	at org.springframework.web.filter.OncePerRequestFilter.doFilter(OncePerRequestFilter.java:116)
	at org.springframework.security.web.FilterChainProxy$VirtualFilterChain.doFilter(FilterChainProxy.java:374)
	at org.springframework.security.web.FilterChainProxy.doFilterInternal(FilterChainProxy.java:233)
	at org.springframework.security.web.FilterChainProxy.doFilter(FilterChainProxy.java:191)
	at org.springframework.web.filter.CompositeFilter$VirtualFilterChain.doFilter(CompositeFilter.java:113)
	at org.springframework.web.servlet.handler.HandlerMappingIntrospector.lambda$createCacheFilter$3(HandlerMappingIntrospector.java:195)
	at org.springframework.web.filter.CompositeFilter$VirtualFilterChain.doFilter(CompositeFilter.java:113)
	at org.springframework.web.filter.CompositeFilter.doFilter(CompositeFilter.java:74)
	at org.springframework.security.config.annotation.web.configuration.WebMvcSecurityConfiguration$CompositeFilterChainProxy.doFilter(WebMvcSecurityConfiguration.java:230)
	at org.springframework.web.filter.DelegatingFilterProxy.invokeDelegate(DelegatingFilterProxy.java:352)
	at org.springframework.web.filter.DelegatingFilterProxy.doFilter(DelegatingFilterProxy.java:268)
	at org.apache.catalina.core.ApplicationFilterChain.internalDoFilter(ApplicationFilterChain.java:174)
	at org.apache.catalina.core.ApplicationFilterChain.doFilter(ApplicationFilterChain.java:149)
	at org.springframework.web.filter.RequestContextFilter.doFilterInternal(RequestContextFilter.java:100)
	at org.springframework.web.filter.OncePerRequestFilter.doFilter(OncePerRequestFilter.java:116)
	at org.apache.catalina.core.ApplicationFilterChain.internalDoFilter(ApplicationFilterChain.java:174)
	at org.apache.catalina.core.ApplicationFilterChain.doFilter(ApplicationFilterChain.java:149)
	at org.springframework.web.filter.FormContentFilter.doFilterInternal(FormContentFilter.java:93)
	at org.springframework.web.filter.OncePerRequestFilter.doFilter(OncePerRequestFilter.java:116)
	at org.apache.catalina.core.ApplicationFilterChain.internalDoFilter(ApplicationFilterChain.java:174)
	at org.apache.catalina.core.ApplicationFilterChain.doFilter(ApplicationFilterChain.java:149)
	at org.springframework.session.web.http.SessionRepositoryFilter.doFilterInternal(SessionRepositoryFilter.java:142)
	at org.springframework.session.web.http.OncePerRequestFilter.doFilter(OncePerRequestFilter.java:82)
	at org.springframework.web.filter.DelegatingFilterProxy.invokeDelegate(DelegatingFilterProxy.java:352)
	at org.springframework.web.filter.DelegatingFilterProxy.doFilter(DelegatingFilterProxy.java:268)
	at org.apache.catalina.core.ApplicationFilterChain.internalDoFilter(ApplicationFilterChain.java:174)
	at org.apache.catalina.core.ApplicationFilterChain.doFilter(ApplicationFilterChain.java:149)
	at org.springframework.web.filter.CharacterEncodingFilter.doFilterInternal(CharacterEncodingFilter.java:201)
	at org.springframework.web.filter.OncePerRequestFilter.doFilter(OncePerRequestFilter.java:116)
	at org.apache.catalina.core.ApplicationFilterChain.internalDoFilter(ApplicationFilterChain.java:174)
	at org.apache.catalina.core.ApplicationFilterChain.doFilter(ApplicationFilterChain.java:149)
	at org.apache.catalina.core.StandardWrapperValve.invoke(StandardWrapperValve.java:167)
	at org.apache.catalina.core.StandardContextValve.invoke(StandardContextValve.java:90)
	at org.apache.catalina.authenticator.AuthenticatorBase.invoke(AuthenticatorBase.java:482)
	at org.apache.catalina.core.StandardHostValve.invoke(StandardHostValve.java:115)
	at org.apache.catalina.valves.ErrorReportValve.invoke(ErrorReportValve.java:93)
	at org.apache.catalina.core.StandardEngineValve.invoke(StandardEngineValve.java:74)
	at org.apache.catalina.connector.CoyoteAdapter.service(CoyoteAdapter.java:344)
	at org.apache.coyote.http11.Http11Processor.service(Http11Processor.java:391)
	at org.apache.coyote.AbstractProcessorLight.process(AbstractProcessorLight.java:63)
	at org.apache.coyote.AbstractProtocol$ConnectionHandler.process(AbstractProtocol.java:896)
	at org.apache.tomcat.util.net.NioEndpoint$SocketProcessor.doRun(NioEndpoint.java:1744)
	at org.apache.tomcat.util.net.SocketProcessorBase.run(SocketProcessorBase.java:52)
	at org.apache.tomcat.util.threads.ThreadPoolExecutor.runWorker(ThreadPoolExecutor.java:1191)
	at org.apache.tomcat.util.threads.ThreadPoolExecutor$Worker.run(ThreadPoolExecutor.java:659)
	at org.apache.tomcat.util.threads.TaskThread$WrappingRunnable.run(TaskThread.java:63)
	at java.base/java.lang.Thread.run(Thread.java:842)
2025-05-15 00:45:27,280 ERROR o.a.j.l.DirectJDKLog [http-nio-8080-exec-9] Servlet.service() for servlet [dispatcherServlet] in context with path [] threw exception
java.lang.IllegalStateException: Session was invalidated
	at org.springframework.session.data.redis.RedisSessionRepository.save(RedisSessionRepository.java:129)
	at org.springframework.session.data.redis.RedisSessionRepository.save(RedisSessionRepository.java:45)
	at org.springframework.session.web.http.SessionRepositoryFilter$SessionRepositoryRequestWrapper.commitSession(SessionRepositoryFilter.java:229)
	at org.springframework.session.web.http.SessionRepositoryFilter.doFilterInternal(SessionRepositoryFilter.java:145)
	at org.springframework.session.web.http.OncePerRequestFilter.doFilter(OncePerRequestFilter.java:82)
	at org.springframework.web.filter.DelegatingFilterProxy.invokeDelegate(DelegatingFilterProxy.java:352)
	at org.springframework.web.filter.DelegatingFilterProxy.doFilter(DelegatingFilterProxy.java:268)
	at org.apache.catalina.core.ApplicationFilterChain.internalDoFilter(ApplicationFilterChain.java:174)
	at org.apache.catalina.core.ApplicationFilterChain.doFilter(ApplicationFilterChain.java:149)
	at org.springframework.web.filter.CharacterEncodingFilter.doFilterInternal(CharacterEncodingFilter.java:201)
	at org.springframework.web.filter.OncePerRequestFilter.doFilter(OncePerRequestFilter.java:116)
	at org.apache.catalina.core.ApplicationFilterChain.internalDoFilter(ApplicationFilterChain.java:174)
	at org.apache.catalina.core.ApplicationFilterChain.doFilter(ApplicationFilterChain.java:149)
	at org.apache.catalina.core.StandardWrapperValve.invoke(StandardWrapperValve.java:167)
	at org.apache.catalina.core.StandardContextValve.invoke(StandardContextValve.java:90)
	at org.apache.catalina.authenticator.AuthenticatorBase.invoke(AuthenticatorBase.java:482)
	at org.apache.catalina.core.StandardHostValve.invoke(StandardHostValve.java:115)
	at org.apache.catalina.valves.ErrorReportValve.invoke(ErrorReportValve.java:93)
	at org.apache.catalina.core.StandardEngineValve.invoke(StandardEngineValve.java:74)
	at org.apache.catalina.connector.CoyoteAdapter.service(CoyoteAdapter.java:344)
	at org.apache.coyote.http11.Http11Processor.service(Http11Processor.java:391)
	at org.apache.coyote.AbstractProcessorLight.process(AbstractProcessorLight.java:63)
	at org.apache.coyote.AbstractProtocol$ConnectionHandler.process(AbstractProtocol.java:896)
	at org.apache.tomcat.util.net.NioEndpoint$SocketProcessor.doRun(NioEndpoint.java:1744)
	at org.apache.tomcat.util.net.SocketProcessorBase.run(SocketProcessorBase.java:52)
	at org.apache.tomcat.util.threads.ThreadPoolExecutor.runWorker(ThreadPoolExecutor.java:1191)
	at org.apache.tomcat.util.threads.ThreadPoolExecutor$Worker.run(ThreadPoolExecutor.java:659)
	at org.apache.tomcat.util.threads.TaskThread$WrappingRunnable.run(TaskThread.java:63)
	at java.base/java.lang.Thread.run(Thread.java:842)
2025-05-15 00:45:27,363 ERROR o.a.j.l.DirectJDKLog [http-nio-8080-exec-9] Servlet.service() for servlet [dispatcherServlet] threw exception
java.lang.IllegalStateException: Session was invalidated
	at org.springframework.session.data.redis.RedisSessionRepository.save(RedisSessionRepository.java:129)
	at org.springframework.session.data.redis.RedisSessionRepository.save(RedisSessionRepository.java:45)
	at org.springframework.session.web.http.SessionRepositoryFilter$SessionRepositoryRequestWrapper.commitSession(SessionRepositoryFilter.java:229)
	at org.springframework.session.web.http.SessionRepositoryFilter.doFilterInternal(SessionRepositoryFilter.java:145)
	at org.springframework.session.web.http.OncePerRequestFilter.doFilter(OncePerRequestFilter.java:82)
	at org.springframework.web.filter.DelegatingFilterProxy.invokeDelegate(DelegatingFilterProxy.java:352)
	at org.springframework.web.filter.DelegatingFilterProxy.doFilter(DelegatingFilterProxy.java:268)
	at org.apache.catalina.core.ApplicationFilterChain.internalDoFilter(ApplicationFilterChain.java:174)
	at org.apache.catalina.core.ApplicationFilterChain.doFilter(ApplicationFilterChain.java:149)
	at org.springframework.web.filter.OncePerRequestFilter.doFilter(OncePerRequestFilter.java:101)
	at org.apache.catalina.core.ApplicationFilterChain.internalDoFilter(ApplicationFilterChain.java:174)
	at org.apache.catalina.core.ApplicationFilterChain.doFilter(ApplicationFilterChain.java:149)
	at org.apache.catalina.core.ApplicationDispatcher.invoke(ApplicationDispatcher.java:642)
	at org.apache.catalina.core.ApplicationDispatcher.processRequest(ApplicationDispatcher.java:410)
	at org.apache.catalina.core.ApplicationDispatcher.doForward(ApplicationDispatcher.java:340)
	at org.apache.catalina.core.ApplicationDispatcher.forward(ApplicationDispatcher.java:277)
	at org.apache.catalina.core.StandardHostValve.custom(StandardHostValve.java:362)
	at org.apache.catalina.core.StandardHostValve.status(StandardHostValve.java:222)
	at org.apache.catalina.core.StandardHostValve.throwable(StandardHostValve.java:308)
	at org.apache.catalina.core.StandardHostValve.invoke(StandardHostValve.java:149)
	at org.apache.catalina.valves.ErrorReportValve.invoke(ErrorReportValve.java:93)
	at org.apache.catalina.core.StandardEngineValve.invoke(StandardEngineValve.java:74)
	at org.apache.catalina.connector.CoyoteAdapter.service(CoyoteAdapter.java:344)
	at org.apache.coyote.http11.Http11Processor.service(Http11Processor.java:391)
	at org.apache.coyote.AbstractProcessorLight.process(AbstractProcessorLight.java:63)
	at org.apache.coyote.AbstractProtocol$ConnectionHandler.process(AbstractProtocol.java:896)
	at org.apache.tomcat.util.net.NioEndpoint$SocketProcessor.doRun(NioEndpoint.java:1744)
	at org.apache.tomcat.util.net.SocketProcessorBase.run(SocketProcessorBase.java:52)
	at org.apache.tomcat.util.threads.ThreadPoolExecutor.runWorker(ThreadPoolExecutor.java:1191)
	at org.apache.tomcat.util.threads.ThreadPoolExecutor$Worker.run(ThreadPoolExecutor.java:659)
	at org.apache.tomcat.util.threads.TaskThread$WrappingRunnable.run(TaskThread.java:63)
	at java.base/java.lang.Thread.run(Thread.java:842)
2025-05-15 00:45:27,398 ERROR o.a.j.l.DirectJDKLog [http-nio-8080-exec-9] Exception Processing [ErrorPage[errorCode=0, location=/error]]
java.lang.IllegalStateException: Session was invalidated
	at org.springframework.session.data.redis.RedisSessionRepository.save(RedisSessionRepository.java:129)
	at org.springframework.session.data.redis.RedisSessionRepository.save(RedisSessionRepository.java:45)
	at org.springframework.session.web.http.SessionRepositoryFilter$SessionRepositoryRequestWrapper.commitSession(SessionRepositoryFilter.java:229)
	at org.springframework.session.web.http.SessionRepositoryFilter.doFilterInternal(SessionRepositoryFilter.java:145)
	at org.springframework.session.web.http.OncePerRequestFilter.doFilter(OncePerRequestFilter.java:82)
	at org.springframework.web.filter.DelegatingFilterProxy.invokeDelegate(DelegatingFilterProxy.java:352)
	at org.springframework.web.filter.DelegatingFilterProxy.doFilter(DelegatingFilterProxy.java:268)
	at org.apache.catalina.core.ApplicationFilterChain.internalDoFilter(ApplicationFilterChain.java:174)
	at org.apache.catalina.core.ApplicationFilterChain.doFilter(ApplicationFilterChain.java:149)
	at org.springframework.web.filter.OncePerRequestFilter.doFilter(OncePerRequestFilter.java:101)
	at org.apache.catalina.core.ApplicationFilterChain.internalDoFilter(ApplicationFilterChain.java:174)
	at org.apache.catalina.core.ApplicationFilterChain.doFilter(ApplicationFilterChain.java:149)
	at org.apache.catalina.core.ApplicationDispatcher.invoke(ApplicationDispatcher.java:642)
	at org.apache.catalina.core.ApplicationDispatcher.processRequest(ApplicationDispatcher.java:410)
	at org.apache.catalina.core.ApplicationDispatcher.doForward(ApplicationDispatcher.java:340)
	at org.apache.catalina.core.ApplicationDispatcher.forward(ApplicationDispatcher.java:277)
	at org.apache.catalina.core.StandardHostValve.custom(StandardHostValve.java:362)
	at org.apache.catalina.core.StandardHostValve.status(StandardHostValve.java:222)
	at org.apache.catalina.core.StandardHostValve.throwable(StandardHostValve.java:308)
	at org.apache.catalina.core.StandardHostValve.invoke(StandardHostValve.java:149)
	at org.apache.catalina.valves.ErrorReportValve.invoke(ErrorReportValve.java:93)
	at org.apache.catalina.core.StandardEngineValve.invoke(StandardEngineValve.java:74)
	at org.apache.catalina.connector.CoyoteAdapter.service(CoyoteAdapter.java:344)
	at org.apache.coyote.http11.Http11Processor.service(Http11Processor.java:391)
	at org.apache.coyote.AbstractProcessorLight.process(AbstractProcessorLight.java:63)
	at org.apache.coyote.AbstractProtocol$ConnectionHandler.process(AbstractProtocol.java:896)
	at org.apache.tomcat.util.net.NioEndpoint$SocketProcessor.doRun(NioEndpoint.java:1744)
	at org.apache.tomcat.util.net.SocketProcessorBase.run(SocketProcessorBase.java:52)
	at org.apache.tomcat.util.threads.ThreadPoolExecutor.runWorker(ThreadPoolExecutor.java:1191)
	at org.apache.tomcat.util.threads.ThreadPoolExecutor$Worker.run(ThreadPoolExecutor.java:659)
	at org.apache.tomcat.util.threads.TaskThread$WrappingRunnable.run(TaskThread.java:63)
	at java.base/java.lang.Thread.run(Thread.java:842)
2025-05-15 00:45:28,501 DEBUG o.h.e.j.s.SqlStatementLogger [http-nio-8080-exec-8] 
    select
        u1_0.user_id,
        u1_0.email,
        u1_0.password_hash,
        u1_0.registration_date,
        u1_0.role,
        u1_0.user_status,
        u1_0.username 
    from
        users u1_0 
    where
        u1_0.username=?
2025-05-15 00:45:28,650 DEBUG o.h.e.j.s.SqlStatementLogger [http-nio-8080-exec-8] 
    select
        n1_0.id,
        n1_0.created_at,
        n1_0.message,
        n1_0.read,
        n1_0.target,
        n1_0.title,
        n1_0.user_id 
    from
        notification n1_0 
    left join
        users u1_0 
            on u1_0.user_id=n1_0.user_id 
    where
        u1_0.user_id=?
2025-05-15 00:45:32,003 DEBUG o.h.e.j.s.SqlStatementLogger [http-nio-8080-exec-5] 
    select
        u1_0.user_id,
        u1_0.email,
        u1_0.password_hash,
        u1_0.registration_date,
        u1_0.role,
        u1_0.user_status,
        u1_0.username 
    from
        users u1_0 
    where
        u1_0.username=?
2025-05-15 00:45:32,152 DEBUG o.h.e.j.s.SqlStatementLogger [http-nio-8080-exec-2] 
    select
        u1_0.user_id,
        u1_0.email,
        u1_0.password_hash,
        u1_0.registration_date,
        u1_0.role,
        u1_0.user_status,
        u1_0.username 
    from
        users u1_0 
    where
        u1_0.username=?
2025-05-15 00:45:32,290 DEBUG o.h.e.j.s.SqlStatementLogger [http-nio-8080-exec-5] 
    select
        b1_0.bid_id,
        b1_0.bid_amount,
        b1_0.bid_time,
        b1_0.bidder_id,
        b1_0.item_id,
        b1_0.item_bid_id 
    from
        bids b1_0 
    left join
        users b2_0 
            on b2_0.user_id=b1_0.bidder_id 
    where
        b2_0.user_id=?
2025-05-15 00:45:32,381 DEBUG o.h.e.j.s.SqlStatementLogger [http-nio-8080-exec-5] 
    select
        u1_0.user_id,
        u1_0.email,
        u1_0.password_hash,
        u1_0.registration_date,
        u1_0.role,
        u1_0.user_status,
        u1_0.username 
    from
        users u1_0 
    where
        u1_0.username=?
2025-05-15 00:45:32,419 DEBUG o.h.e.j.s.SqlStatementLogger [http-nio-8080-exec-5] 
    select
        ar1_0.result_id,
        ar1_0.final_price,
        ar1_0.item_id,
        ar1_0.result_status,
        ar1_0.winner_id 
    from
        auction_results ar1_0 
    left join
        users w1_0 
            on w1_0.user_id=ar1_0.winner_id 
    where
        w1_0.user_id=?
2025-05-15 00:45:32,445 DEBUG o.h.e.j.s.SqlStatementLogger [http-nio-8080-exec-2] 
    select
        f1_0.id,
        f1_0.created_at,
        f1_0.item_id,
        f1_0.user_id 
    from
        favorite f1_0 
    left join
        users u1_0 
            on u1_0.user_id=f1_0.user_id 
    where
        u1_0.user_id=?
2025-05-15 00:45:33,722 DEBUG o.h.e.j.s.SqlStatementLogger [http-nio-8080-exec-10] 
    select
        u1_0.user_id,
        u1_0.email,
        u1_0.password_hash,
        u1_0.registration_date,
        u1_0.role,
        u1_0.user_status,
        u1_0.username 
    from
        users u1_0 
    where
        u1_0.username=?
2025-05-15 00:45:34,018 DEBUG o.h.e.j.s.SqlStatementLogger [http-nio-8080-exec-10] 
    select
        n1_0.id,
        n1_0.created_at,
        n1_0.message,
        n1_0.read,
        n1_0.target,
        n1_0.title,
        n1_0.user_id 
    from
        notification n1_0 
    left join
        users u1_0 
            on u1_0.user_id=n1_0.user_id 
    where
        u1_0.user_id=?
2025-05-15 00:45:37,393 DEBUG o.h.e.j.s.SqlStatementLogger [http-nio-8080-exec-1] 
    select
        u1_0.user_id,
        u1_0.email,
        u1_0.password_hash,
        u1_0.registration_date,
        u1_0.role,
        u1_0.user_status,
        u1_0.username 
    from
        users u1_0 
    where
        u1_0.username=?
2025-05-15 00:45:37,425 DEBUG o.h.e.j.s.SqlStatementLogger [http-nio-8080-exec-1] 
    select
        b1_0.bid_id,
        b1_0.bid_amount,
        b1_0.bid_time,
        b1_0.bidder_id,
        b1_0.item_id,
        b1_0.item_bid_id 
    from
        bids b1_0 
    left join
        users b2_0 
            on b2_0.user_id=b1_0.bidder_id 
    where
        b2_0.user_id=?
2025-05-15 00:45:37,465 DEBUG o.h.e.j.s.SqlStatementLogger [http-nio-8080-exec-3] 
    select
        u1_0.user_id,
        u1_0.email,
        u1_0.password_hash,
        u1_0.registration_date,
        u1_0.role,
        u1_0.user_status,
        u1_0.username 
    from
        users u1_0 
    where
        u1_0.username=?
2025-05-15 00:45:37,502 DEBUG o.h.e.j.s.SqlStatementLogger [http-nio-8080-exec-4] 
    select
        u1_0.user_id,
        u1_0.email,
        u1_0.password_hash,
        u1_0.registration_date,
        u1_0.role,
        u1_0.user_status,
        u1_0.username 
    from
        users u1_0 
    where
        u1_0.username=?
2025-05-15 00:45:37,530 DEBUG o.h.e.j.s.SqlStatementLogger [http-nio-8080-exec-4] 
    select
        f1_0.id,
        f1_0.created_at,
        f1_0.item_id,
        f1_0.user_id 
    from
        favorite f1_0 
    left join
        users u1_0 
            on u1_0.user_id=f1_0.user_id 
    where
        u1_0.user_id=?
2025-05-15 00:45:37,584 DEBUG o.h.e.j.s.SqlStatementLogger [http-nio-8080-exec-3] 
    select
        ar1_0.result_id,
        ar1_0.final_price,
        ar1_0.item_id,
        ar1_0.result_status,
        ar1_0.winner_id 
    from
        auction_results ar1_0 
    left join
        users w1_0 
            on w1_0.user_id=ar1_0.winner_id 
    where
        w1_0.user_id=?
2025-05-15 00:45:39,084 DEBUG o.h.e.j.s.SqlStatementLogger [http-nio-8080-exec-7] 
    select
        u1_0.user_id,
        u1_0.email,
        u1_0.password_hash,
        u1_0.registration_date,
        u1_0.role,
        u1_0.user_status,
        u1_0.username 
    from
        users u1_0 
    where
        u1_0.username=?
2025-05-15 00:45:39,196 DEBUG o.h.e.j.s.SqlStatementLogger [http-nio-8080-exec-7] 
    select
        n1_0.id,
        n1_0.created_at,
        n1_0.message,
        n1_0.read,
        n1_0.target,
        n1_0.title,
        n1_0.user_id 
    from
        notification n1_0 
    left join
        users u1_0 
            on u1_0.user_id=n1_0.user_id 
    where
        u1_0.user_id=?
